2008.02.11 09:27 B E:\alinitip\ijgc\templates\about.tpl --> www.ijgc-online.com /public_html/templates about.tpl
2008.02.11 09:27 B E:\alinitip\ijgc\templates\alamat.tpl --> www.ijgc-online.com /public_html/templates alamat.tpl
2008.02.11 09:27 B E:\alinitip\ijgc\templates\become.tpl --> www.ijgc-online.com /public_html/templates become.tpl
2008.02.11 09:27 B E:\alinitip\ijgc\templates\benefit.tpl --> www.ijgc-online.com /public_html/templates benefit.tpl
2008.02.11 09:27 B E:\alinitip\ijgc\templates\board.tpl --> www.ijgc-online.com /public_html/templates board.tpl
2008.02.11 09:27 B E:\alinitip\ijgc\templates\contact.tpl --> www.ijgc-online.com /public_html/templates contact.tpl
2008.02.11 09:27 B E:\alinitip\ijgc\templates\donor.tpl --> www.ijgc-online.com /public_html/templates donor.tpl
2008.02.11 09:27 B E:\alinitip\ijgc\templates\etiket.tpl --> www.ijgc-online.com /public_html/templates etiket.tpl
2008.02.11 09:27 B E:\alinitip\ijgc\templates\index.tpl --> www.ijgc-online.com /public_html/templates index.tpl
2008.02.11 09:27 B E:\alinitip\ijgc\templates\left.tpl --> www.ijgc-online.com /public_html/templates left.tpl
2008.02.11 09:27 B E:\alinitip\ijgc\templates\links.tpl --> www.ijgc-online.com /public_html/templates links.tpl
2008.02.11 09:27 B E:\alinitip\ijgc\templates\membership.tpl --> www.ijgc-online.com /public_html/templates membership.tpl
2008.02.11 09:27 B E:\alinitip\ijgc\templates\partner.tpl --> www.ijgc-online.com /public_html/templates partner.tpl
2008.02.11 09:27 B E:\alinitip\ijgc\templates\partnerK.tpl --> www.ijgc-online.com /public_html/templates partnerK.tpl
2008.02.11 09:27 B E:\alinitip\ijgc\templates\product.tpl --> www.ijgc-online.com /public_html/templates product.tpl
2008.02.11 09:28 B E:\alinitip\ijgc\templates\rules.tpl --> www.ijgc-online.com /public_html/templates rules.tpl
2008.02.11 09:30 B E:\alinitip\ijgc\templates\become.tpl --> www.ijgc-online.com /public_html/templates become.tpl
2008.02.11 09:30 B E:\alinitip\ijgc\templates\membership.tpl --> www.ijgc-online.com /public_html/templates membership.tpl
2008.02.11 09:31 B E:\alinitip\ijgc\templates\rules.tpl --> www.ijgc-online.com /public_html/templates rules.tpl
2008.02.11 09:31 B E:\alinitip\ijgc\templates\visi.tpl --> www.ijgc-online.com /public_html/templates visi.tpl
